<?xml version="1.0" encoding="UTF-8"?>
<testng-results ignored="0" total="1" passed="1" failed="0" skipped="0">
  <reporter-output>
  </reporter-output>
  <suite started-at="2023-03-06T16:51:49 IST" name="Default suite" finished-at="2023-03-06T16:52:10 IST" duration-ms="21435">
    <groups>
    </groups>
    <test started-at="2023-03-06T16:51:49 IST" name="Default test" finished-at="2023-03-06T16:52:10 IST" duration-ms="21435">
      <class name="Iterview_pgm.SongArrange">
        <test-method signature="SongList()[pri:0, instance:Iterview_pgm.SongArrange@212b5695]" started-at="2023-03-06T16:51:49 IST" name="SongList" finished-at="2023-03-06T16:52:10 IST" duration-ms="21401" status="PASS">
          <reporter-output>
          </reporter-output>
        </test-method> <!-- SongList -->
      </class> <!-- Iterview_pgm.SongArrange -->
    </test> <!-- Default test -->
  </suite> <!-- Default suite -->
</testng-results>
